<?xml version="1.0" encoding="UTF-8"?>
<testsuite xmlns:xsi="http://www.w3.org/2001/XMLSchema-instance" xsi:noNamespaceSchemaLocation="https://maven.apache.org/surefire/maven-surefire-plugin/xsd/surefire-test-report-3.0.xsd" version="3.0" name="com.library.AppTest" time="0.025" tests="1" errors="0" skipped="0" failures="0">
  <properties>
    <property name="java.specification.version" value="22"/>
    <property name="sun.cpu.isalist" value="amd64"/>
    <property name="sun.jnu.encoding" value="Cp1252"/>
    <property name="java.class.path" value="C:\Users\bluel\LibraryManagement\target\test-classes;C:\Users\bluel\LibraryManagement\target\classes;C:\Users\bluel\.m2\repository\junit\junit\3.8.1\junit-3.8.1.jar;C:\Users\bluel\.m2\repository\org\springframework\spring-context\5.3.36\spring-context-5.3.36.jar;C:\Users\bluel\.m2\repository\org\springframework\spring-aop\5.3.36\spring-aop-5.3.36.jar;C:\Users\bluel\.m2\repository\org\springframework\spring-beans\5.3.36\spring-beans-5.3.36.jar;C:\Users\bluel\.m2\repository\org\springframework\spring-core\5.3.36\spring-core-5.3.36.jar;C:\Users\bluel\.m2\repository\org\springframework\spring-jcl\5.3.36\spring-jcl-5.3.36.jar;C:\Users\bluel\.m2\repository\org\springframework\spring-expression\5.3.36\spring-expression-5.3.36.jar;"/>
    <property name="java.vm.vendor" value="Oracle Corporation"/>
    <property name="sun.arch.data.model" value="64"/>
    <property name="user.variant" value=""/>
    <property name="java.vendor.url" value="https://java.oracle.com/"/>
    <property name="user.timezone" value="Asia/Calcutta"/>
    <property name="os.name" value="Windows 11"/>
    <property name="java.vm.specification.version" value="22"/>
    <property name="sun.java.launcher" value="SUN_STANDARD"/>
    <property name="user.country" value="IN"/>
    <property name="sun.boot.library.path" value="C:\Program Files\Java\jdk-22\bin"/>
    <property name="sun.java.command" value="C:\Users\bluel\AppData\Local\Temp\surefire12501189497739852306\surefirebooter-20250709170045750_3.jar C:\Users\bluel\AppData\Local\Temp\surefire12501189497739852306 2025-07-09T17-00-45_426-jvmRun1 surefire-20250709170045750_1tmp surefire_0-20250709170045750_2tmp"/>
    <property name="jdk.debug" value="release"/>
    <property name="surefire.test.class.path" value="C:\Users\bluel\LibraryManagement\target\test-classes;C:\Users\bluel\LibraryManagement\target\classes;C:\Users\bluel\.m2\repository\junit\junit\3.8.1\junit-3.8.1.jar;C:\Users\bluel\.m2\repository\org\springframework\spring-context\5.3.36\spring-context-5.3.36.jar;C:\Users\bluel\.m2\repository\org\springframework\spring-aop\5.3.36\spring-aop-5.3.36.jar;C:\Users\bluel\.m2\repository\org\springframework\spring-beans\5.3.36\spring-beans-5.3.36.jar;C:\Users\bluel\.m2\repository\org\springframework\spring-core\5.3.36\spring-core-5.3.36.jar;C:\Users\bluel\.m2\repository\org\springframework\spring-jcl\5.3.36\spring-jcl-5.3.36.jar;C:\Users\bluel\.m2\repository\org\springframework\spring-expression\5.3.36\spring-expression-5.3.36.jar;"/>
    <property name="sun.cpu.endian" value="little"/>
    <property name="user.home" value="C:\Users\bluel"/>
    <property name="user.language" value="en"/>
    <property name="java.specification.vendor" value="Oracle Corporation"/>
    <property name="java.version.date" value="2024-07-16"/>
    <property name="java.home" value="C:\Program Files\Java\jdk-22"/>
    <property name="file.separator" value="\"/>
    <property name="basedir" value="C:\Users\bluel\LibraryManagement"/>
    <property name="java.vm.compressedOopsMode" value="32-bit"/>
    <property name="line.separator" value="&#10;"/>
    <property name="java.vm.specification.vendor" value="Oracle Corporation"/>
    <property name="java.specification.name" value="Java Platform API Specification"/>
    <property name="surefire.real.class.path" value="C:\Users\bluel\AppData\Local\Temp\surefire12501189497739852306\surefirebooter-20250709170045750_3.jar"/>
    <property name="user.script" value=""/>
    <property name="sun.management.compiler" value="HotSpot 64-Bit Tiered Compilers"/>
    <property name="java.runtime.version" value="22.0.2+9-70"/>
    <property name="user.name" value="bluel"/>
    <property name="stdout.encoding" value="Cp1252"/>
    <property name="path.separator" value=";"/>
    <property name="os.version" value="10.0"/>
    <property name="java.runtime.name" value="Java(TM) SE Runtime Environment"/>
    <property name="file.encoding" value="UTF-8"/>
    <property name="java.vm.name" value="Java HotSpot(TM) 64-Bit Server VM"/>
    <property name="localRepository" value="C:\Users\bluel\.m2\repository"/>
    <property name="java.vendor.url.bug" value="https://bugreport.java.com/bugreport/"/>
    <property name="java.io.tmpdir" value="C:\Users\bluel\AppData\Local\Temp\"/>
    <property name="java.version" value="22.0.2"/>
    <property name="user.dir" value="C:\Users\bluel\LibraryManagement"/>
    <property name="os.arch" value="amd64"/>
    <property name="java.vm.specification.name" value="Java Virtual Machine Specification"/>
    <property name="sun.os.patch.level" value=""/>
    <property name="native.encoding" value="Cp1252"/>
    <property name="java.library.path" value="C:\Program Files\Java\jdk-22\bin;C:\WINDOWS\Sun\Java\bin;C:\WINDOWS\system32;C:\WINDOWS;C:\Python312\Scripts\;C:\Python312\;C:\Program Files\Common Files\Oracle\Java\javapath;C:\windows\system32;C:\windows;C:\windows\System32\Wbem;C:\windows\System32\WindowsPowerShell\v1.0\;C:\windows\System32\OpenSSH\;C:\Program Files (x86)\NVIDIA Corporation\PhysX\Common;C:\Program Files\NVIDIA Corporation\NVIDIA NvDLISR;C:\WINDOWS\system32;C:\WINDOWS;C:\WINDOWS\System32\Wbem;C:\WINDOWS\System32\WindowsPowerShell\v1.0\;C:\WINDOWS\System32\OpenSSH\;C:\Program Files\HP\HP One Agent;C:\Program Files\nodejs\;C:\Program Files\Java\jdk-22\bin;C:\MinGW\bin;C:\WINDOWS\system32;C:\WINDOWS;C:\WINDOWS\System32\Wbem;C:\WINDOWS\System32\WindowsPowerShell\v1.0\;C:\WINDOWS\System32\OpenSSH\;C:\Program Files\Git\cmd;C:\Program Files (x86)\Eclipse\Sumo\bin\;C:\Program Files (x86)\Eclipse\Sumo\tools\;C:\Program Files\dotnet\;C:\Program Files\Apache\Maven\apache-maven-3.9.10\bin;C:\Users\bluel\AppData\Local\Programs\Python\Launcher\;C:\Users\bluel\AppData\Local\Microsoft\WindowsApps;C:\Program Files\JetBrains\IntelliJ IDEA Community Edition 2023.1.2\bin;;C:\Program Files\JetBrains\PyCharm Community Edition 2024.1.3\bin;;C:\Users\bluel\AppData\Roaming\npm;C:\Users\bluel\AppData\Local\Programs\Microsoft VS Code\bin;C:\Python3x;C:\msys64\ucrt64\bin;C:\MinGW\bin;C:\Users\bluel\.dotnet\tools;."/>
    <property name="java.vm.info" value="mixed mode, sharing"/>
    <property name="stderr.encoding" value="Cp1252"/>
    <property name="java.vendor" value="Oracle Corporation"/>
    <property name="java.vm.version" value="22.0.2+9-70"/>
    <property name="sun.io.unicode.encoding" value="UnicodeLittle"/>
    <property name="java.class.version" value="66.0"/>
  </properties>
  <testcase name="testApp" classname="com.library.AppTest" time="0.003"/>
</testsuite>